0 info it worked if it ends with ok
1 verbose cli [ 'C:\\Program Files\\nodejs\\node.exe',
1 verbose cli   'C:\\Program Files\\nodejs\\node_modules\\npm\\bin\\npm-cli.js',
1 verbose cli   'run',
1 verbose cli   'serve' ]
2 info using npm@3.10.8
3 info using node@v6.9.1
4 verbose run-script [ 'preserve', 'serve', 'postserve' ]
5 info lifecycle angular-quickstart@1.0.0~preserve: angular-quickstart@1.0.0
6 silly lifecycle angular-quickstart@1.0.0~preserve: no script for preserve, continuing
7 info lifecycle angular-quickstart@1.0.0~serve: angular-quickstart@1.0.0
8 verbose lifecycle angular-quickstart@1.0.0~serve: unsafe-perm in lifecycle true
9 verbose lifecycle angular-quickstart@1.0.0~serve: PATH: C:\Program Files\nodejs\node_modules\npm\bin\node-gyp-bin;E:\babun\.babun\cygwin\home\W0dm4\station_f_test\front_end\MeetRoom\node_modules\.bin;C:\Program Files\nodejs\node_modules\npm\bin\node-gyp-bin;E:\babun\.babun\cygwin\home\W0dm4\station_f_test\front_end\MeetRoom\node_modules\.bin;C:\Program Files (x86)\Razer Chroma SDK\bin;C:\Program Files\Razer Chroma SDK\bin;C:\ProgramData\Oracle\Java\javapath;C:\WINDOWS\system32;C:\WINDOWS;C:\WINDOWS\System32\Wbem;C:\WINDOWS\System32\WindowsPowerShell\v1.0\;C:\Program Files (x86)\NVIDIA Corporation\PhysX\Common;C:\WINDOWS\system32\config\systemprofile\.dnx\bin;C:\Program Files\Microsoft DNX\Dnvm\;C:\Program Files\Microsoft SQL Server\130\Tools\Binn\;C:\Program Files\Git\cmd;C:\Program Files\nodejs\;C:\WINDOWS\system32\config\systemprofile\AppData\Local\Microsoft\WindowsApps;C:\Program Files (x86)\Skype\Phone\;C:\Program Files (x86)\Windows Kits\10\Windows Performance Toolkit\;E:\Program Files\CMake\bin;E:\Program Files (x86)\Microsoft Visual Studio\2017\Community\VC\Tools\MSVC\14.10.25017\bin\HostX64\x64;C:\Program Files (x86)\GtkSharp\2.12\bin;C:\mingw64\bin;C:\MinGW\bin;E:\Erosis\botvote\phantom\bin;E:\Program Files (x86)\Yarn\bin;C:\Users\W0dm4\.dnx\bin;C:\Users\W0dm4\.babun;C:\Program Files (x86)\Microsoft VS Code\bin;C:\Users\W0dm4\AppData\Roaming\npm;C:\Users\W0dm4\AppData\Local\Microsoft\WindowsApps;E:\babun\.babun;C:\Users\W0dm4\AppData\Local\atom\bin;C:\Program Files (x86)\HMA! Pro VPN\bin;C:\Users\W0dm4\AppData\Roaming\Dashlane\4.8.6.35647\bin\Firefox_Extension\{442718d9-475e-452a-b3e1-fb1ee16b8e9f}\components;C:\Users\W0dm4\AppData\Roaming\Dashlane\4.8.6.35647\ucrt;%DASHLANE_DLL_DIR%;C:\Users\W0dm4\AppData\Local\Yarn\bin
10 verbose lifecycle angular-quickstart@1.0.0~serve: CWD: E:\babun\.babun\cygwin\home\W0dm4\station_f_test\front_end\MeetRoom
11 silly lifecycle angular-quickstart@1.0.0~serve: Args: [ '/d /s /c', 'lite-server -c=bs-config.json' ]
12 silly lifecycle angular-quickstart@1.0.0~serve: Returned: code: 3  signal: null
13 info lifecycle angular-quickstart@1.0.0~serve: Failed to exec serve script
14 verbose stack Error: angular-quickstart@1.0.0 serve: `lite-server -c=bs-config.json`
14 verbose stack Exit status 3
14 verbose stack     at EventEmitter.<anonymous> (C:\Program Files\nodejs\node_modules\npm\lib\utils\lifecycle.js:255:16)
14 verbose stack     at emitTwo (events.js:106:13)
14 verbose stack     at EventEmitter.emit (events.js:191:7)
14 verbose stack     at ChildProcess.<anonymous> (C:\Program Files\nodejs\node_modules\npm\lib\utils\spawn.js:40:14)
14 verbose stack     at emitTwo (events.js:106:13)
14 verbose stack     at ChildProcess.emit (events.js:191:7)
14 verbose stack     at maybeClose (internal/child_process.js:877:16)
14 verbose stack     at Process.ChildProcess._handle.onexit (internal/child_process.js:226:5)
15 verbose pkgid angular-quickstart@1.0.0
16 verbose cwd E:\babun\.babun\cygwin\home\W0dm4\station_f_test\front_end\MeetRoom
17 error Windows_NT 10.0.14393
18 error argv "C:\\Program Files\\nodejs\\node.exe" "C:\\Program Files\\nodejs\\node_modules\\npm\\bin\\npm-cli.js" "run" "serve"
19 error node v6.9.1
20 error npm  v3.10.8
21 error code ELIFECYCLE
22 error angular-quickstart@1.0.0 serve: `lite-server -c=bs-config.json`
22 error Exit status 3
23 error Failed at the angular-quickstart@1.0.0 serve script 'lite-server -c=bs-config.json'.
23 error Make sure you have the latest version of node.js and npm installed.
23 error If you do, this is most likely a problem with the angular-quickstart package,
23 error not with npm itself.
23 error Tell the author that this fails on your system:
23 error     lite-server -c=bs-config.json
23 error You can get information on how to open an issue for this project with:
23 error     npm bugs angular-quickstart
23 error Or if that isn't available, you can get their info via:
23 error     npm owner ls angular-quickstart
23 error There is likely additional logging output above.
24 verbose exit [ 1, true ]
